{"asctime": "2026-01-21 11:31:20,277", "name": "vendor_security", "levelname": "ERROR", "message": "Exception in NotificationViewSet: Authentication credentials were not provided.", "user_id": null, "ip_address": "127.0.0.1", "action": "exception_handled", "exc_info": "Traceback (most recent call last):\n  File \"C:\\Users\\HP\\AppData\\Roaming\\Python\\Python310\\site-packages\\rest_framework\\views.py\", line 497, in dispatch\n    self.initial(request, *args, **kwargs)\n  File \"C:\\Users\\HP\\AppData\\Roaming\\Python\\Python310\\site-packages\\rest_framework\\views.py\", line 415, in initial\n    self.check_permissions(request)\n  File \"C:\\Users\\HP\\AppData\\Roaming\\Python\\Python310\\site-packages\\rest_framework\\views.py\", line 333, in check_permissions\n    self.permission_denied(\n  File \"C:\\Users\\HP\\AppData\\Roaming\\Python\\Python310\\site-packages\\rest_framework\\views.py\", line 174, in permission_denied\n    raise exceptions.NotAuthenticated()\nrest_framework.exceptions.NotAuthenticated: Authentication credentials were not provided.", "exception_type": "NotAuthenticated", "exception_message": "Authentication credentials were not provided.", "path": "/api/notifications/stats/", "method": "GET"}
{"asctime": "2026-01-21 16:12:26,116", "name": "vendor_security", "levelname": "ERROR", "message": "Exception in RFPViewSet: Authentication credentials were not provided.", "user_id": null, "ip_address": "127.0.0.1", "action": "exception_handled", "exc_info": "Traceback (most recent call last):\n  File \"C:\\Users\\HP\\AppData\\Roaming\\Python\\Python310\\site-packages\\rest_framework\\views.py\", line 497, in dispatch\n    self.initial(request, *args, **kwargs)\n  File \"C:\\Users\\HP\\AppData\\Roaming\\Python\\Python310\\site-packages\\rest_framework\\views.py\", line 415, in initial\n    self.check_permissions(request)\n  File \"C:\\Users\\HP\\AppData\\Roaming\\Python\\Python310\\site-packages\\rest_framework\\views.py\", line 332, in check_permissions\n    if not permission.has_permission(request, self):\n  File \"C:\\Users\\HP\\OneDrive\\Desktop\\Tprm\\backend\\rfp\\rfp_authentication.py\", line 126, in has_permission\n    raise NotAuthenticated('Authentication credentials were not provided.')\nrest_framework.exceptions.NotAuthenticated: Authentication credentials were not provided.", "exception_type": "NotAuthenticated", "exception_message": "Authentication credentials were not provided.", "path": "/api/v1/rfps/", "method": "GET"}
{"asctime": "2026-01-22 14:40:45,097", "name": "vendor_security", "levelname": "ERROR", "message": "Exception in RFPViewSet: Authentication credentials were not provided.", "user_id": null, "ip_address": "127.0.0.1", "action": "exception_handled", "exc_info": "Traceback (most recent call last):\n  File \"C:\\Users\\HP\\AppData\\Roaming\\Python\\Python310\\site-packages\\rest_framework\\views.py\", line 497, in dispatch\n    self.initial(request, *args, **kwargs)\n  File \"C:\\Users\\HP\\AppData\\Roaming\\Python\\Python310\\site-packages\\rest_framework\\views.py\", line 415, in initial\n    self.check_permissions(request)\n  File \"C:\\Users\\HP\\AppData\\Roaming\\Python\\Python310\\site-packages\\rest_framework\\views.py\", line 332, in check_permissions\n    if not permission.has_permission(request, self):\n  File \"C:\\Users\\HP\\OneDrive\\Desktop\\Tprm\\backend\\rfp\\rfp_authentication.py\", line 126, in has_permission\n    raise NotAuthenticated('Authentication credentials were not provided.')\nrest_framework.exceptions.NotAuthenticated: Authentication credentials were not provided.", "exception_type": "NotAuthenticated", "exception_message": "Authentication credentials were not provided.", "path": "/api/v1/rfps/", "method": "GET"}
{"asctime": "2026-01-22 14:50:12,308", "name": "vendor_security", "levelname": "ERROR", "message": "Exception in RFPViewSet: Authentication credentials were not provided.", "user_id": null, "ip_address": "127.0.0.1", "action": "exception_handled", "exc_info": "Traceback (most recent call last):\n  File \"C:\\Users\\HP\\AppData\\Roaming\\Python\\Python310\\site-packages\\rest_framework\\views.py\", line 497, in dispatch\n    self.initial(request, *args, **kwargs)\n  File \"C:\\Users\\HP\\AppData\\Roaming\\Python\\Python310\\site-packages\\rest_framework\\views.py\", line 415, in initial\n    self.check_permissions(request)\n  File \"C:\\Users\\HP\\AppData\\Roaming\\Python\\Python310\\site-packages\\rest_framework\\views.py\", line 332, in check_permissions\n    if not permission.has_permission(request, self):\n  File \"C:\\Users\\HP\\OneDrive\\Desktop\\Tprm\\backend\\rfp\\rfp_authentication.py\", line 126, in has_permission\n    raise NotAuthenticated('Authentication credentials were not provided.')\nrest_framework.exceptions.NotAuthenticated: Authentication credentials were not provided.", "exception_type": "NotAuthenticated", "exception_message": "Authentication credentials were not provided.", "path": "/api/v1/rfps/", "method": "GET"}
{"asctime": "2026-01-22 18:52:46,387", "name": "vendor_security", "levelname": "ERROR", "message": "Exception in NotificationViewSet: 'MockUser' object has no attribute 'pk'", "user_id": "anonymous", "ip_address": "127.0.0.1", "action": "exception_handled", "exc_info": "Traceback (most recent call last):\n  File \"C:\\Users\\HP\\AppData\\Roaming\\Python\\Python310\\site-packages\\rest_framework\\views.py\", line 497, in dispatch\n    self.initial(request, *args, **kwargs)\n  File \"C:\\Users\\HP\\AppData\\Roaming\\Python\\Python310\\site-packages\\rest_framework\\views.py\", line 416, in initial\n    self.check_throttles(request)\n  File \"C:\\Users\\HP\\AppData\\Roaming\\Python\\Python310\\site-packages\\rest_framework\\views.py\", line 359, in check_throttles\n    if not throttle.allow_request(request, self):\n  File \"C:\\Users\\HP\\AppData\\Roaming\\Python\\Python310\\site-packages\\rest_framework\\throttling.py\", line 119, in allow_request\n    self.key = self.get_cache_key(request, view)\n  File \"C:\\Users\\HP\\AppData\\Roaming\\Python\\Python310\\site-packages\\rest_framework\\throttling.py\", line 195, in get_cache_key\n    ident = request.user.pk\nAttributeError: 'MockUser' object has no attribute 'pk'", "exception_type": "AttributeError", "exception_message": "'MockUser' object has no attribute 'pk'", "path": "/api/notifications/stats/", "method": "GET"}
{"asctime": "2026-01-22 18:52:46,392", "name": "vendor_security", "levelname": "CRITICAL", "message": "Unhandled exception: 'MockUser' object has no attribute 'pk'", "user_id": "anonymous", "ip_address": "127.0.0.1", "action": "unhandled_exception", "exc_info": "Traceback (most recent call last):\n  File \"C:\\Users\\HP\\AppData\\Roaming\\Python\\Python310\\site-packages\\rest_framework\\views.py\", line 497, in dispatch\n    self.initial(request, *args, **kwargs)\n  File \"C:\\Users\\HP\\AppData\\Roaming\\Python\\Python310\\site-packages\\rest_framework\\views.py\", line 416, in initial\n    self.check_throttles(request)\n  File \"C:\\Users\\HP\\AppData\\Roaming\\Python\\Python310\\site-packages\\rest_framework\\views.py\", line 359, in check_throttles\n    if not throttle.allow_request(request, self):\n  File \"C:\\Users\\HP\\AppData\\Roaming\\Python\\Python310\\site-packages\\rest_framework\\throttling.py\", line 119, in allow_request\n    self.key = self.get_cache_key(request, view)\n  File \"C:\\Users\\HP\\AppData\\Roaming\\Python\\Python310\\site-packages\\rest_framework\\throttling.py\", line 195, in get_cache_key\n    ident = request.user.pk\nAttributeError: 'MockUser' object has no attribute 'pk'", "exception_type": "AttributeError", "exception_message": "'MockUser' object has no attribute 'pk'", "path": "/api/notifications/stats/", "method": "GET"}
